2023-06-16T08:00:44.168+07:00  INFO 8168 --- [restartedMain] c.example.untiled1.Untiled1Application   : Starting Untiled1Application using Java 19.0.2 with PID 8168 (G:\hatt\demo\untiled1\target\classes started by hatt in G:\hatt\demo\untiled1)
2023-06-16T08:00:44.172+07:00  INFO 8168 --- [restartedMain] c.example.untiled1.Untiled1Application   : No active profile set, falling back to 1 default profile: "default"
2023-06-16T08:00:44.202+07:00  INFO 8168 --- [restartedMain] o.s.b.devtools.restart.ChangeableUrls    : The Class-Path manifest attribute in C:\Users\hatt\.m2\repository\com\oracle\database\jdbc\ojdbc8\21.7.0.0\ojdbc8-21.7.0.0.jar referenced one or more files that do not exist: file:/C:/Users/hatt/.m2/repository/com/oracle/database/jdbc/ojdbc8/21.7.0.0/oraclepki.jar
2023-06-16T08:00:44.203+07:00  INFO 8168 --- [restartedMain] .e.DevToolsPropertyDefaultsPostProcessor : Devtools property defaults active! Set 'spring.devtools.add-properties' to 'false' to disable
2023-06-16T08:00:44.203+07:00  INFO 8168 --- [restartedMain] .e.DevToolsPropertyDefaultsPostProcessor : For additional web related logging consider setting the 'logging.level.web' property to 'DEBUG'
2023-06-16T08:00:44.894+07:00  INFO 8168 --- [restartedMain] o.s.b.w.embedded.tomcat.TomcatWebServer  : Tomcat initialized with port(s): 8081 (http)
2023-06-16T08:00:44.900+07:00  INFO 8168 --- [restartedMain] o.apache.catalina.core.StandardService   : Starting service [Tomcat]
2023-06-16T08:00:44.900+07:00  INFO 8168 --- [restartedMain] o.apache.catalina.core.StandardEngine    : Starting Servlet engine: [Apache Tomcat/10.1.8]
2023-06-16T08:00:44.940+07:00  INFO 8168 --- [restartedMain] o.a.c.c.C.[Tomcat].[localhost].[/]       : Initializing Spring embedded WebApplicationContext
2023-06-16T08:00:44.941+07:00  INFO 8168 --- [restartedMain] w.s.c.ServletWebServerApplicationContext : Root WebApplicationContext: initialization completed in 737 ms
2023-06-16T08:00:45.244+07:00  INFO 8168 --- [restartedMain] o.s.b.d.a.OptionalLiveReloadServer       : LiveReload server is running on port 35729
2023-06-16T08:00:45.265+07:00  INFO 8168 --- [restartedMain] o.s.b.w.embedded.tomcat.TomcatWebServer  : Tomcat started on port(s): 8081 (http) with context path ''
2023-06-16T08:00:45.272+07:00  INFO 8168 --- [restartedMain] c.example.untiled1.Untiled1Application   : Started Untiled1Application in 1.402 seconds (process running for 1.957)
2023-06-16T08:01:14.483+07:00  INFO 8168 --- [http-nio-8081-exec-1] o.a.c.c.C.[Tomcat].[localhost].[/]       : Initializing Spring DispatcherServlet 'dispatcherServlet'
2023-06-16T08:01:14.483+07:00  INFO 8168 --- [http-nio-8081-exec-1] o.s.web.servlet.DispatcherServlet        : Initializing Servlet 'dispatcherServlet'
2023-06-16T08:01:14.484+07:00  INFO 8168 --- [http-nio-8081-exec-1] o.s.web.servlet.DispatcherServlet        : Completed initialization in 0 ms
2023-06-16T08:01:14.510+07:00  INFO 8168 --- [http-nio-8081-exec-1] com.zaxxer.hikari.HikariDataSource       : HikariPool-1 - Starting...
2023-06-16T08:01:14.701+07:00  INFO 8168 --- [http-nio-8081-exec-1] com.zaxxer.hikari.pool.HikariPool        : HikariPool-1 - Added connection oracle.jdbc.driver.T4CConnection@7d7ddfee
2023-06-16T08:01:14.704+07:00  INFO 8168 --- [http-nio-8081-exec-1] com.zaxxer.hikari.HikariDataSource       : HikariPool-1 - Start completed.
2023-06-16T08:32:57.093+07:00  INFO 8168 --- [SpringApplicationShutdownHook] com.zaxxer.hikari.HikariDataSource       : HikariPool-1 - Shutdown initiated...
2023-06-16T08:32:57.108+07:00  INFO 8168 --- [SpringApplicationShutdownHook] com.zaxxer.hikari.HikariDataSource       : HikariPool-1 - Shutdown completed.
2023-06-16T08:33:02.477+07:00  INFO 3712 --- [restartedMain] c.example.untiled1.Untiled1Application   : Starting Untiled1Application using Java 19.0.2 with PID 3712 (G:\hatt\demo\untiled1\target\classes started by hatt in G:\hatt\demo\untiled1)
2023-06-16T08:33:02.478+07:00  INFO 3712 --- [restartedMain] c.example.untiled1.Untiled1Application   : No active profile set, falling back to 1 default profile: "default"
2023-06-16T08:33:02.504+07:00  INFO 3712 --- [restartedMain] o.s.b.devtools.restart.ChangeableUrls    : The Class-Path manifest attribute in C:\Users\hatt\.m2\repository\com\oracle\database\jdbc\ojdbc8\21.7.0.0\ojdbc8-21.7.0.0.jar referenced one or more files that do not exist: file:/C:/Users/hatt/.m2/repository/com/oracle/database/jdbc/ojdbc8/21.7.0.0/oraclepki.jar
2023-06-16T08:33:02.504+07:00  INFO 3712 --- [restartedMain] .e.DevToolsPropertyDefaultsPostProcessor : Devtools property defaults active! Set 'spring.devtools.add-properties' to 'false' to disable
2023-06-16T08:33:02.504+07:00  INFO 3712 --- [restartedMain] .e.DevToolsPropertyDefaultsPostProcessor : For additional web related logging consider setting the 'logging.level.web' property to 'DEBUG'
2023-06-16T08:33:03.089+07:00  INFO 3712 --- [restartedMain] o.s.b.w.embedded.tomcat.TomcatWebServer  : Tomcat initialized with port(s): 8081 (http)
2023-06-16T08:33:03.094+07:00  INFO 3712 --- [restartedMain] o.apache.catalina.core.StandardService   : Starting service [Tomcat]
2023-06-16T08:33:03.094+07:00  INFO 3712 --- [restartedMain] o.apache.catalina.core.StandardEngine    : Starting Servlet engine: [Apache Tomcat/10.1.8]
2023-06-16T08:33:03.130+07:00  INFO 3712 --- [restartedMain] o.a.c.c.C.[Tomcat].[localhost].[/]       : Initializing Spring embedded WebApplicationContext
2023-06-16T08:33:03.130+07:00  INFO 3712 --- [restartedMain] w.s.c.ServletWebServerApplicationContext : Root WebApplicationContext: initialization completed in 626 ms
2023-06-16T08:33:03.407+07:00  INFO 3712 --- [restartedMain] o.s.b.d.a.OptionalLiveReloadServer       : LiveReload server is running on port 35729
2023-06-16T08:33:03.426+07:00  INFO 3712 --- [restartedMain] o.s.b.w.embedded.tomcat.TomcatWebServer  : Tomcat started on port(s): 8081 (http) with context path ''
2023-06-16T08:33:03.432+07:00  INFO 3712 --- [restartedMain] c.example.untiled1.Untiled1Application   : Started Untiled1Application in 1.202 seconds (process running for 1.617)
2023-06-16T08:33:49.367+07:00  INFO 3712 --- [http-nio-8081-exec-1] o.a.c.c.C.[Tomcat].[localhost].[/]       : Initializing Spring DispatcherServlet 'dispatcherServlet'
2023-06-16T08:33:49.368+07:00  INFO 3712 --- [http-nio-8081-exec-1] o.s.web.servlet.DispatcherServlet        : Initializing Servlet 'dispatcherServlet'
2023-06-16T08:33:49.369+07:00  INFO 3712 --- [http-nio-8081-exec-1] o.s.web.servlet.DispatcherServlet        : Completed initialization in 1 ms
2023-06-16T08:33:49.393+07:00  INFO 3712 --- [http-nio-8081-exec-1] com.zaxxer.hikari.HikariDataSource       : HikariPool-1 - Starting...
2023-06-16T08:33:49.522+07:00  INFO 3712 --- [http-nio-8081-exec-1] com.zaxxer.hikari.pool.HikariPool        : HikariPool-1 - Added connection oracle.jdbc.driver.T4CConnection@701f0e60
2023-06-16T08:33:49.523+07:00  INFO 3712 --- [http-nio-8081-exec-1] com.zaxxer.hikari.HikariDataSource       : HikariPool-1 - Start completed.
2023-06-16T08:34:49.644+07:00  WARN 3712 --- [http-nio-8081-exec-4] .w.s.m.s.DefaultHandlerExceptionResolver : Resolved [org.springframework.web.HttpMediaTypeNotSupportedException: Invalid mime type "application/x-www-form-urlencoded, application/json": Invalid token character ',' in token "x-www-form-urlencoded, application/json"]
2023-06-16T08:39:45.790+07:00  WARN 3712 --- [http-nio-8081-exec-3] .w.s.m.s.DefaultHandlerExceptionResolver : Resolved [org.springframework.web.HttpMediaTypeNotSupportedException: Invalid mime type "application/x-www-form-urlencoded, application/json": Invalid token character ',' in token "x-www-form-urlencoded, application/json"]
2023-06-16T08:47:32.285+07:00  WARN 3712 --- [http-nio-8081-exec-7] .w.s.m.s.DefaultHandlerExceptionResolver : Resolved [org.springframework.web.HttpMediaTypeNotSupportedException: Invalid mime type "application/x-www-form-urlencoded, application/json": Invalid token character ',' in token "x-www-form-urlencoded, application/json"]
2023-06-16T08:50:03.892+07:00  INFO 3712 --- [SpringApplicationShutdownHook] com.zaxxer.hikari.HikariDataSource       : HikariPool-1 - Shutdown initiated...
2023-06-16T08:50:03.908+07:00  INFO 3712 --- [SpringApplicationShutdownHook] com.zaxxer.hikari.HikariDataSource       : HikariPool-1 - Shutdown completed.
2023-06-16T08:50:09.322+07:00  INFO 12576 --- [restartedMain] c.example.untiled1.Untiled1Application   : Starting Untiled1Application using Java 19.0.2 with PID 12576 (G:\hatt\demo\untiled1\target\classes started by hatt in G:\hatt\demo\untiled1)
2023-06-16T08:50:09.324+07:00  INFO 12576 --- [restartedMain] c.example.untiled1.Untiled1Application   : No active profile set, falling back to 1 default profile: "default"
2023-06-16T08:50:09.350+07:00  INFO 12576 --- [restartedMain] o.s.b.devtools.restart.ChangeableUrls    : The Class-Path manifest attribute in C:\Users\hatt\.m2\repository\com\oracle\database\jdbc\ojdbc8\21.7.0.0\ojdbc8-21.7.0.0.jar referenced one or more files that do not exist: file:/C:/Users/hatt/.m2/repository/com/oracle/database/jdbc/ojdbc8/21.7.0.0/oraclepki.jar
2023-06-16T08:50:09.350+07:00  INFO 12576 --- [restartedMain] .e.DevToolsPropertyDefaultsPostProcessor : Devtools property defaults active! Set 'spring.devtools.add-properties' to 'false' to disable
2023-06-16T08:50:09.351+07:00  INFO 12576 --- [restartedMain] .e.DevToolsPropertyDefaultsPostProcessor : For additional web related logging consider setting the 'logging.level.web' property to 'DEBUG'
2023-06-16T08:50:09.916+07:00  INFO 12576 --- [restartedMain] o.s.b.w.embedded.tomcat.TomcatWebServer  : Tomcat initialized with port(s): 8081 (http)
2023-06-16T08:50:09.921+07:00  INFO 12576 --- [restartedMain] o.apache.catalina.core.StandardService   : Starting service [Tomcat]
2023-06-16T08:50:09.921+07:00  INFO 12576 --- [restartedMain] o.apache.catalina.core.StandardEngine    : Starting Servlet engine: [Apache Tomcat/10.1.8]
2023-06-16T08:50:09.964+07:00  INFO 12576 --- [restartedMain] o.a.c.c.C.[Tomcat].[localhost].[/]       : Initializing Spring embedded WebApplicationContext
2023-06-16T08:50:09.964+07:00  INFO 12576 --- [restartedMain] w.s.c.ServletWebServerApplicationContext : Root WebApplicationContext: initialization completed in 613 ms
2023-06-16T08:50:10.244+07:00  INFO 12576 --- [restartedMain] o.s.b.d.a.OptionalLiveReloadServer       : LiveReload server is running on port 35729
2023-06-16T08:50:10.269+07:00  INFO 12576 --- [restartedMain] o.s.b.w.embedded.tomcat.TomcatWebServer  : Tomcat started on port(s): 8081 (http) with context path ''
2023-06-16T08:50:10.276+07:00  INFO 12576 --- [restartedMain] c.example.untiled1.Untiled1Application   : Started Untiled1Application in 1.199 seconds (process running for 1.605)
2023-06-16T08:50:22.818+07:00  INFO 12576 --- [http-nio-8081-exec-1] o.a.c.c.C.[Tomcat].[localhost].[/]       : Initializing Spring DispatcherServlet 'dispatcherServlet'
2023-06-16T08:50:22.819+07:00  INFO 12576 --- [http-nio-8081-exec-1] o.s.web.servlet.DispatcherServlet        : Initializing Servlet 'dispatcherServlet'
2023-06-16T08:50:22.820+07:00  INFO 12576 --- [http-nio-8081-exec-1] o.s.web.servlet.DispatcherServlet        : Completed initialization in 1 ms
2023-06-16T08:50:22.843+07:00  WARN 12576 --- [http-nio-8081-exec-1] .w.s.m.s.DefaultHandlerExceptionResolver : Resolved [org.springframework.web.HttpMediaTypeNotSupportedException: Invalid mime type "application/x-www-form-urlencoded, application/json": Invalid token character ',' in token "x-www-form-urlencoded, application/json"]
2023-06-16T08:50:24.009+07:00  WARN 12576 --- [http-nio-8081-exec-3] .w.s.m.s.DefaultHandlerExceptionResolver : Resolved [org.springframework.web.HttpMediaTypeNotSupportedException: Invalid mime type "application/x-www-form-urlencoded, application/json": Invalid token character ',' in token "x-www-form-urlencoded, application/json"]
2023-06-16T08:50:24.987+07:00  WARN 12576 --- [http-nio-8081-exec-5] .w.s.m.s.DefaultHandlerExceptionResolver : Resolved [org.springframework.web.HttpMediaTypeNotSupportedException: Invalid mime type "application/x-www-form-urlencoded, application/json": Invalid token character ',' in token "x-www-form-urlencoded, application/json"]
2023-06-16T08:51:13.273+07:00  INFO 12576 --- [http-nio-8081-exec-4] com.zaxxer.hikari.HikariDataSource       : HikariPool-1 - Starting...
2023-06-16T08:51:13.405+07:00  INFO 12576 --- [http-nio-8081-exec-4] com.zaxxer.hikari.pool.HikariPool        : HikariPool-1 - Added connection oracle.jdbc.driver.T4CConnection@d8690a7
2023-06-16T08:51:13.407+07:00  INFO 12576 --- [http-nio-8081-exec-4] com.zaxxer.hikari.HikariDataSource       : HikariPool-1 - Start completed.
2023-06-16T08:51:29.204+07:00  WARN 12576 --- [http-nio-8081-exec-9] .w.s.m.s.DefaultHandlerExceptionResolver : Resolved [org.springframework.web.HttpMediaTypeNotSupportedException: Invalid mime type "application/x-www-form-urlencoded, application/x-www-form-urlencoded, application/json": Invalid token character ',' in token "x-www-form-urlencoded, application/x-www-form-urlencoded, application/json"]
2023-06-16T09:04:51.706+07:00  INFO 12576 --- [SpringApplicationShutdownHook] com.zaxxer.hikari.HikariDataSource       : HikariPool-1 - Shutdown initiated...
2023-06-16T09:04:51.727+07:00  INFO 12576 --- [SpringApplicationShutdownHook] com.zaxxer.hikari.HikariDataSource       : HikariPool-1 - Shutdown completed.
2023-06-16T09:04:57.242+07:00  INFO 18760 --- [restartedMain] c.example.untiled1.Untiled1Application   : Starting Untiled1Application using Java 19.0.2 with PID 18760 (G:\hatt\demo\untiled1\target\classes started by hatt in G:\hatt\demo\untiled1)
2023-06-16T09:04:57.243+07:00  INFO 18760 --- [restartedMain] c.example.untiled1.Untiled1Application   : No active profile set, falling back to 1 default profile: "default"
2023-06-16T09:04:57.269+07:00  INFO 18760 --- [restartedMain] o.s.b.devtools.restart.ChangeableUrls    : The Class-Path manifest attribute in C:\Users\hatt\.m2\repository\com\oracle\database\jdbc\ojdbc8\21.7.0.0\ojdbc8-21.7.0.0.jar referenced one or more files that do not exist: file:/C:/Users/hatt/.m2/repository/com/oracle/database/jdbc/ojdbc8/21.7.0.0/oraclepki.jar
2023-06-16T09:04:57.270+07:00  INFO 18760 --- [restartedMain] .e.DevToolsPropertyDefaultsPostProcessor : Devtools property defaults active! Set 'spring.devtools.add-properties' to 'false' to disable
2023-06-16T09:04:57.270+07:00  INFO 18760 --- [restartedMain] .e.DevToolsPropertyDefaultsPostProcessor : For additional web related logging consider setting the 'logging.level.web' property to 'DEBUG'
2023-06-16T09:04:57.850+07:00  INFO 18760 --- [restartedMain] o.s.b.w.embedded.tomcat.TomcatWebServer  : Tomcat initialized with port(s): 8081 (http)
2023-06-16T09:04:57.855+07:00  INFO 18760 --- [restartedMain] o.apache.catalina.core.StandardService   : Starting service [Tomcat]
2023-06-16T09:04:57.856+07:00  INFO 18760 --- [restartedMain] o.apache.catalina.core.StandardEngine    : Starting Servlet engine: [Apache Tomcat/10.1.8]
2023-06-16T09:04:57.893+07:00  INFO 18760 --- [restartedMain] o.a.c.c.C.[Tomcat].[localhost].[/]       : Initializing Spring embedded WebApplicationContext
2023-06-16T09:04:57.894+07:00  INFO 18760 --- [restartedMain] w.s.c.ServletWebServerApplicationContext : Root WebApplicationContext: initialization completed in 623 ms
2023-06-16T09:04:58.174+07:00  INFO 18760 --- [restartedMain] o.s.b.d.a.OptionalLiveReloadServer       : LiveReload server is running on port 35729
2023-06-16T09:04:58.193+07:00  INFO 18760 --- [restartedMain] o.s.b.w.embedded.tomcat.TomcatWebServer  : Tomcat started on port(s): 8081 (http) with context path ''
2023-06-16T09:04:58.199+07:00  INFO 18760 --- [restartedMain] c.example.untiled1.Untiled1Application   : Started Untiled1Application in 1.228 seconds (process running for 1.701)
2023-06-16T09:05:51.536+07:00  INFO 18760 --- [http-nio-8081-exec-1] o.a.c.c.C.[Tomcat].[localhost].[/]       : Initializing Spring DispatcherServlet 'dispatcherServlet'
2023-06-16T09:05:51.536+07:00  INFO 18760 --- [http-nio-8081-exec-1] o.s.web.servlet.DispatcherServlet        : Initializing Servlet 'dispatcherServlet'
2023-06-16T09:05:51.537+07:00  INFO 18760 --- [http-nio-8081-exec-1] o.s.web.servlet.DispatcherServlet        : Completed initialization in 1 ms
2023-06-16T09:05:51.572+07:00  WARN 18760 --- [http-nio-8081-exec-2] .w.s.m.s.DefaultHandlerExceptionResolver : Resolved [org.springframework.web.HttpMediaTypeNotSupportedException: Invalid mime type "application/x-www-form-urlencoded, application/json": Invalid token character ',' in token "x-www-form-urlencoded, application/json"]
2023-06-16T09:05:57.301+07:00  WARN 18760 --- [http-nio-8081-exec-4] .w.s.m.s.DefaultHandlerExceptionResolver : Resolved [org.springframework.web.HttpMediaTypeNotSupportedException: Invalid mime type "application/x-www-form-urlencoded, application/json": Invalid token character ',' in token "x-www-form-urlencoded, application/json"]
2023-06-16T09:08:33.687+07:00  INFO 20156 --- [restartedMain] c.example.untiled1.Untiled1Application   : Starting Untiled1Application using Java 19.0.2 with PID 20156 (G:\hatt\demo\untiled1\target\classes started by hatt in G:\hatt\demo\untiled1)
2023-06-16T09:08:33.688+07:00  INFO 20156 --- [restartedMain] c.example.untiled1.Untiled1Application   : No active profile set, falling back to 1 default profile: "default"
2023-06-16T09:08:33.714+07:00  INFO 20156 --- [restartedMain] o.s.b.devtools.restart.ChangeableUrls    : The Class-Path manifest attribute in C:\Users\hatt\.m2\repository\com\oracle\database\jdbc\ojdbc8\21.7.0.0\ojdbc8-21.7.0.0.jar referenced one or more files that do not exist: file:/C:/Users/hatt/.m2/repository/com/oracle/database/jdbc/ojdbc8/21.7.0.0/oraclepki.jar
2023-06-16T09:08:33.714+07:00  INFO 20156 --- [restartedMain] .e.DevToolsPropertyDefaultsPostProcessor : Devtools property defaults active! Set 'spring.devtools.add-properties' to 'false' to disable
2023-06-16T09:08:33.714+07:00  INFO 20156 --- [restartedMain] .e.DevToolsPropertyDefaultsPostProcessor : For additional web related logging consider setting the 'logging.level.web' property to 'DEBUG'
2023-06-16T09:08:34.276+07:00  INFO 20156 --- [restartedMain] o.s.b.w.embedded.tomcat.TomcatWebServer  : Tomcat initialized with port(s): 8081 (http)
2023-06-16T09:08:34.281+07:00  INFO 20156 --- [restartedMain] o.apache.catalina.core.StandardService   : Starting service [Tomcat]
2023-06-16T09:08:34.281+07:00  INFO 20156 --- [restartedMain] o.apache.catalina.core.StandardEngine    : Starting Servlet engine: [Apache Tomcat/10.1.8]
2023-06-16T09:08:34.318+07:00  INFO 20156 --- [restartedMain] o.a.c.c.C.[Tomcat].[localhost].[/]       : Initializing Spring embedded WebApplicationContext
2023-06-16T09:08:34.318+07:00  INFO 20156 --- [restartedMain] w.s.c.ServletWebServerApplicationContext : Root WebApplicationContext: initialization completed in 603 ms
2023-06-16T09:08:34.590+07:00  INFO 20156 --- [restartedMain] o.s.b.d.a.OptionalLiveReloadServer       : LiveReload server is running on port 35729
2023-06-16T09:08:34.609+07:00  INFO 20156 --- [restartedMain] o.s.b.w.embedded.tomcat.TomcatWebServer  : Tomcat started on port(s): 8081 (http) with context path ''
2023-06-16T09:08:34.615+07:00  INFO 20156 --- [restartedMain] c.example.untiled1.Untiled1Application   : Started Untiled1Application in 1.167 seconds (process running for 1.568)
2023-06-16T09:08:48.924+07:00  INFO 20156 --- [http-nio-8081-exec-1] o.a.c.c.C.[Tomcat].[localhost].[/]       : Initializing Spring DispatcherServlet 'dispatcherServlet'
2023-06-16T09:08:48.924+07:00  INFO 20156 --- [http-nio-8081-exec-1] o.s.web.servlet.DispatcherServlet        : Initializing Servlet 'dispatcherServlet'
2023-06-16T09:08:48.925+07:00  INFO 20156 --- [http-nio-8081-exec-1] o.s.web.servlet.DispatcherServlet        : Completed initialization in 1 ms
2023-06-16T09:08:48.965+07:00  INFO 20156 --- [http-nio-8081-exec-1] com.zaxxer.hikari.HikariDataSource       : HikariPool-1 - Starting...
2023-06-16T09:08:49.149+07:00  INFO 20156 --- [http-nio-8081-exec-1] com.zaxxer.hikari.pool.HikariPool        : HikariPool-1 - Added connection oracle.jdbc.driver.T4CConnection@588a3709
2023-06-16T09:08:49.150+07:00  INFO 20156 --- [http-nio-8081-exec-1] com.zaxxer.hikari.HikariDataSource       : HikariPool-1 - Start completed.
2023-06-16T09:08:57.018+07:00  WARN 20156 --- [http-nio-8081-exec-3] .w.s.m.s.DefaultHandlerExceptionResolver : Resolved [org.springframework.web.HttpMediaTypeNotSupportedException: Invalid mime type "application/x-www-form-urlencoded, application/x-www-form-urlencoded, application/json": Invalid token character ',' in token "x-www-form-urlencoded, application/x-www-form-urlencoded, application/json"]
2023-06-16T09:11:26.743+07:00  INFO 20156 --- [SpringApplicationShutdownHook] com.zaxxer.hikari.HikariDataSource       : HikariPool-1 - Shutdown initiated...
2023-06-16T09:11:26.758+07:00  INFO 20156 --- [SpringApplicationShutdownHook] com.zaxxer.hikari.HikariDataSource       : HikariPool-1 - Shutdown completed.
2023-06-16T09:11:32.101+07:00  INFO 16800 --- [restartedMain] c.example.untiled1.Untiled1Application   : Starting Untiled1Application using Java 19.0.2 with PID 16800 (G:\hatt\demo\untiled1\target\classes started by hatt in G:\hatt\demo\untiled1)
2023-06-16T09:11:32.102+07:00  INFO 16800 --- [restartedMain] c.example.untiled1.Untiled1Application   : No active profile set, falling back to 1 default profile: "default"
2023-06-16T09:11:32.128+07:00  INFO 16800 --- [restartedMain] o.s.b.devtools.restart.ChangeableUrls    : The Class-Path manifest attribute in C:\Users\hatt\.m2\repository\com\oracle\database\jdbc\ojdbc8\21.7.0.0\ojdbc8-21.7.0.0.jar referenced one or more files that do not exist: file:/C:/Users/hatt/.m2/repository/com/oracle/database/jdbc/ojdbc8/21.7.0.0/oraclepki.jar
2023-06-16T09:11:32.128+07:00  INFO 16800 --- [restartedMain] .e.DevToolsPropertyDefaultsPostProcessor : Devtools property defaults active! Set 'spring.devtools.add-properties' to 'false' to disable
2023-06-16T09:11:32.128+07:00  INFO 16800 --- [restartedMain] .e.DevToolsPropertyDefaultsPostProcessor : For additional web related logging consider setting the 'logging.level.web' property to 'DEBUG'
2023-06-16T09:11:32.686+07:00  INFO 16800 --- [restartedMain] o.s.b.w.embedded.tomcat.TomcatWebServer  : Tomcat initialized with port(s): 8081 (http)
2023-06-16T09:11:32.691+07:00  INFO 16800 --- [restartedMain] o.apache.catalina.core.StandardService   : Starting service [Tomcat]
2023-06-16T09:11:32.691+07:00  INFO 16800 --- [restartedMain] o.apache.catalina.core.StandardEngine    : Starting Servlet engine: [Apache Tomcat/10.1.8]
2023-06-16T09:11:32.727+07:00  INFO 16800 --- [restartedMain] o.a.c.c.C.[Tomcat].[localhost].[/]       : Initializing Spring embedded WebApplicationContext
2023-06-16T09:11:32.727+07:00  INFO 16800 --- [restartedMain] w.s.c.ServletWebServerApplicationContext : Root WebApplicationContext: initialization completed in 599 ms
2023-06-16T09:11:33.005+07:00  INFO 16800 --- [restartedMain] o.s.b.d.a.OptionalLiveReloadServer       : LiveReload server is running on port 35729
2023-06-16T09:11:33.025+07:00  INFO 16800 --- [restartedMain] o.s.b.w.embedded.tomcat.TomcatWebServer  : Tomcat started on port(s): 8081 (http) with context path ''
2023-06-16T09:11:33.032+07:00  INFO 16800 --- [restartedMain] c.example.untiled1.Untiled1Application   : Started Untiled1Application in 1.177 seconds (process running for 1.582)
2023-06-16T09:11:45.016+07:00  INFO 16800 --- [http-nio-8081-exec-1] o.a.c.c.C.[Tomcat].[localhost].[/]       : Initializing Spring DispatcherServlet 'dispatcherServlet'
2023-06-16T09:11:45.016+07:00  INFO 16800 --- [http-nio-8081-exec-1] o.s.web.servlet.DispatcherServlet        : Initializing Servlet 'dispatcherServlet'
2023-06-16T09:11:45.017+07:00  INFO 16800 --- [http-nio-8081-exec-1] o.s.web.servlet.DispatcherServlet        : Completed initialization in 1 ms
2023-06-16T09:11:45.044+07:00  INFO 16800 --- [http-nio-8081-exec-1] com.zaxxer.hikari.HikariDataSource       : HikariPool-1 - Starting...
2023-06-16T09:11:45.189+07:00  INFO 16800 --- [http-nio-8081-exec-1] com.zaxxer.hikari.pool.HikariPool        : HikariPool-1 - Added connection oracle.jdbc.driver.T4CConnection@588a3709
2023-06-16T09:11:45.191+07:00  INFO 16800 --- [http-nio-8081-exec-1] com.zaxxer.hikari.HikariDataSource       : HikariPool-1 - Start completed.
2023-06-16T09:16:14.475+07:00  INFO 16800 --- [SpringApplicationShutdownHook] com.zaxxer.hikari.HikariDataSource       : HikariPool-1 - Shutdown initiated...
2023-06-16T09:16:14.491+07:00  INFO 16800 --- [SpringApplicationShutdownHook] com.zaxxer.hikari.HikariDataSource       : HikariPool-1 - Shutdown completed.
2023-06-16T09:16:19.839+07:00  INFO 19836 --- [restartedMain] c.example.untiled1.Untiled1Application   : Starting Untiled1Application using Java 19.0.2 with PID 19836 (G:\hatt\demo\untiled1\target\classes started by hatt in G:\hatt\demo\untiled1)
2023-06-16T09:16:19.843+07:00  INFO 19836 --- [restartedMain] c.example.untiled1.Untiled1Application   : No active profile set, falling back to 1 default profile: "default"
2023-06-16T09:16:19.869+07:00  INFO 19836 --- [restartedMain] o.s.b.devtools.restart.ChangeableUrls    : The Class-Path manifest attribute in C:\Users\hatt\.m2\repository\com\oracle\database\jdbc\ojdbc8\21.7.0.0\ojdbc8-21.7.0.0.jar referenced one or more files that do not exist: file:/C:/Users/hatt/.m2/repository/com/oracle/database/jdbc/ojdbc8/21.7.0.0/oraclepki.jar
2023-06-16T09:16:19.870+07:00  INFO 19836 --- [restartedMain] .e.DevToolsPropertyDefaultsPostProcessor : Devtools property defaults active! Set 'spring.devtools.add-properties' to 'false' to disable
2023-06-16T09:16:19.870+07:00  INFO 19836 --- [restartedMain] .e.DevToolsPropertyDefaultsPostProcessor : For additional web related logging consider setting the 'logging.level.web' property to 'DEBUG'
2023-06-16T09:16:20.435+07:00  INFO 19836 --- [restartedMain] o.s.b.w.embedded.tomcat.TomcatWebServer  : Tomcat initialized with port(s): 8081 (http)
2023-06-16T09:16:20.440+07:00  INFO 19836 --- [restartedMain] o.apache.catalina.core.StandardService   : Starting service [Tomcat]
2023-06-16T09:16:20.440+07:00  INFO 19836 --- [restartedMain] o.apache.catalina.core.StandardEngine    : Starting Servlet engine: [Apache Tomcat/10.1.8]
2023-06-16T09:16:20.483+07:00  INFO 19836 --- [restartedMain] o.a.c.c.C.[Tomcat].[localhost].[/]       : Initializing Spring embedded WebApplicationContext
2023-06-16T09:16:20.483+07:00  INFO 19836 --- [restartedMain] w.s.c.ServletWebServerApplicationContext : Root WebApplicationContext: initialization completed in 613 ms
2023-06-16T09:16:20.765+07:00  INFO 19836 --- [restartedMain] o.s.b.d.a.OptionalLiveReloadServer       : LiveReload server is running on port 35729
2023-06-16T09:16:20.784+07:00  INFO 19836 --- [restartedMain] o.s.b.w.embedded.tomcat.TomcatWebServer  : Tomcat started on port(s): 8081 (http) with context path ''
2023-06-16T09:16:20.790+07:00  INFO 19836 --- [restartedMain] c.example.untiled1.Untiled1Application   : Started Untiled1Application in 1.19 seconds (process running for 1.587)
2023-06-16T09:16:35.547+07:00  INFO 19836 --- [http-nio-8081-exec-1] o.a.c.c.C.[Tomcat].[localhost].[/]       : Initializing Spring DispatcherServlet 'dispatcherServlet'
2023-06-16T09:16:35.547+07:00  INFO 19836 --- [http-nio-8081-exec-1] o.s.web.servlet.DispatcherServlet        : Initializing Servlet 'dispatcherServlet'
2023-06-16T09:16:35.548+07:00  INFO 19836 --- [http-nio-8081-exec-1] o.s.web.servlet.DispatcherServlet        : Completed initialization in 0 ms
2023-06-16T09:16:35.574+07:00  INFO 19836 --- [http-nio-8081-exec-1] com.zaxxer.hikari.HikariDataSource       : HikariPool-1 - Starting...
2023-06-16T09:16:35.713+07:00  INFO 19836 --- [http-nio-8081-exec-1] com.zaxxer.hikari.pool.HikariPool        : HikariPool-1 - Added connection oracle.jdbc.driver.T4CConnection@701f0e60
2023-06-16T09:16:35.714+07:00  INFO 19836 --- [http-nio-8081-exec-1] com.zaxxer.hikari.HikariDataSource       : HikariPool-1 - Start completed.
2023-06-16T09:21:27.228+07:00  WARN 19836 --- [http-nio-8081-exec-3] .w.s.m.s.DefaultHandlerExceptionResolver : Resolved [org.springframework.web.HttpMediaTypeNotSupportedException: Invalid mime type "application/x-www-form-urlencoded, application/json": Invalid token character ',' in token "x-www-form-urlencoded, application/json"]
2023-06-16T09:21:36.326+07:00  WARN 19836 --- [http-nio-8081-exec-5] .w.s.m.s.DefaultHandlerExceptionResolver : Resolved [org.springframework.web.HttpRequestMethodNotSupportedException: Request method 'GET' is not supported]
2023-06-16T09:27:34.800+07:00  INFO 19836 --- [SpringApplicationShutdownHook] com.zaxxer.hikari.HikariDataSource       : HikariPool-1 - Shutdown initiated...
2023-06-16T09:27:34.818+07:00  INFO 19836 --- [SpringApplicationShutdownHook] com.zaxxer.hikari.HikariDataSource       : HikariPool-1 - Shutdown completed.
2023-06-16T09:27:40.122+07:00  INFO 17060 --- [restartedMain] c.example.untiled1.Untiled1Application   : Starting Untiled1Application using Java 19.0.2 with PID 17060 (G:\hatt\demo\untiled1\target\classes started by hatt in G:\hatt\demo\untiled1)
2023-06-16T09:27:40.123+07:00  INFO 17060 --- [restartedMain] c.example.untiled1.Untiled1Application   : No active profile set, falling back to 1 default profile: "default"
2023-06-16T09:27:40.149+07:00  INFO 17060 --- [restartedMain] o.s.b.devtools.restart.ChangeableUrls    : The Class-Path manifest attribute in C:\Users\hatt\.m2\repository\com\oracle\database\jdbc\ojdbc8\21.7.0.0\ojdbc8-21.7.0.0.jar referenced one or more files that do not exist: file:/C:/Users/hatt/.m2/repository/com/oracle/database/jdbc/ojdbc8/21.7.0.0/oraclepki.jar
2023-06-16T09:27:40.149+07:00  INFO 17060 --- [restartedMain] .e.DevToolsPropertyDefaultsPostProcessor : Devtools property defaults active! Set 'spring.devtools.add-properties' to 'false' to disable
2023-06-16T09:27:40.149+07:00  INFO 17060 --- [restartedMain] .e.DevToolsPropertyDefaultsPostProcessor : For additional web related logging consider setting the 'logging.level.web' property to 'DEBUG'
2023-06-16T09:27:40.729+07:00  INFO 17060 --- [restartedMain] o.s.b.w.embedded.tomcat.TomcatWebServer  : Tomcat initialized with port(s): 8081 (http)
2023-06-16T09:27:40.734+07:00  INFO 17060 --- [restartedMain] o.apache.catalina.core.StandardService   : Starting service [Tomcat]
2023-06-16T09:27:40.734+07:00  INFO 17060 --- [restartedMain] o.apache.catalina.core.StandardEngine    : Starting Servlet engine: [Apache Tomcat/10.1.8]
2023-06-16T09:27:40.771+07:00  INFO 17060 --- [restartedMain] o.a.c.c.C.[Tomcat].[localhost].[/]       : Initializing Spring embedded WebApplicationContext
2023-06-16T09:27:40.771+07:00  INFO 17060 --- [restartedMain] w.s.c.ServletWebServerApplicationContext : Root WebApplicationContext: initialization completed in 622 ms
2023-06-16T09:27:41.049+07:00  INFO 17060 --- [restartedMain] o.s.b.d.a.OptionalLiveReloadServer       : LiveReload server is running on port 35729
2023-06-16T09:27:41.068+07:00  INFO 17060 --- [restartedMain] o.s.b.w.embedded.tomcat.TomcatWebServer  : Tomcat started on port(s): 8081 (http) with context path ''
2023-06-16T09:27:41.074+07:00  INFO 17060 --- [restartedMain] c.example.untiled1.Untiled1Application   : Started Untiled1Application in 1.188 seconds (process running for 1.582)
2023-06-16T09:28:05.116+07:00  INFO 17060 --- [http-nio-8081-exec-1] o.a.c.c.C.[Tomcat].[localhost].[/]       : Initializing Spring DispatcherServlet 'dispatcherServlet'
2023-06-16T09:28:05.116+07:00  INFO 17060 --- [http-nio-8081-exec-1] o.s.web.servlet.DispatcherServlet        : Initializing Servlet 'dispatcherServlet'
2023-06-16T09:28:05.117+07:00  INFO 17060 --- [http-nio-8081-exec-1] o.s.web.servlet.DispatcherServlet        : Completed initialization in 0 ms
2023-06-16T09:28:05.143+07:00  WARN 17060 --- [http-nio-8081-exec-1] .w.s.m.s.DefaultHandlerExceptionResolver : Resolved [org.springframework.web.HttpMediaTypeNotSupportedException: Invalid mime type "application/x-www-form-urlencoded, application/json": Invalid token character ',' in token "x-www-form-urlencoded, application/json"]
2023-06-16T09:46:56.423+07:00  INFO 17060 --- [http-nio-8081-exec-3] com.zaxxer.hikari.HikariDataSource       : HikariPool-1 - Starting...
2023-06-16T09:46:56.598+07:00  INFO 17060 --- [http-nio-8081-exec-3] com.zaxxer.hikari.pool.HikariPool        : HikariPool-1 - Added connection oracle.jdbc.driver.T4CConnection@283eb71a
2023-06-16T09:46:56.600+07:00  INFO 17060 --- [http-nio-8081-exec-3] com.zaxxer.hikari.HikariDataSource       : HikariPool-1 - Start completed.
2023-06-16T09:47:19.513+07:00  WARN 17060 --- [http-nio-8081-exec-6] .w.s.m.s.DefaultHandlerExceptionResolver : Resolved [org.springframework.web.HttpMediaTypeNotSupportedException: Invalid mime type "application/x-www-form-urlencoded, application/json;charset=UTF-8": Invalid token character ',' in token "x-www-form-urlencoded, application/json"]
2023-06-16T09:58:25.002+07:00  INFO 17060 --- [SpringApplicationShutdownHook] com.zaxxer.hikari.HikariDataSource       : HikariPool-1 - Shutdown initiated...
2023-06-16T09:58:25.022+07:00  INFO 17060 --- [SpringApplicationShutdownHook] com.zaxxer.hikari.HikariDataSource       : HikariPool-1 - Shutdown completed.
2023-06-16T09:58:30.368+07:00  INFO 276 --- [restartedMain] c.example.untiled1.Untiled1Application   : Starting Untiled1Application using Java 19.0.2 with PID 276 (G:\hatt\demo\untiled1\target\classes started by hatt in G:\hatt\demo\untiled1)
2023-06-16T09:58:30.369+07:00  INFO 276 --- [restartedMain] c.example.untiled1.Untiled1Application   : No active profile set, falling back to 1 default profile: "default"
2023-06-16T09:58:30.411+07:00  INFO 276 --- [restartedMain] o.s.b.devtools.restart.ChangeableUrls    : The Class-Path manifest attribute in C:\Users\hatt\.m2\repository\com\oracle\database\jdbc\ojdbc8\21.7.0.0\ojdbc8-21.7.0.0.jar referenced one or more files that do not exist: file:/C:/Users/hatt/.m2/repository/com/oracle/database/jdbc/ojdbc8/21.7.0.0/oraclepki.jar
2023-06-16T09:58:30.412+07:00  INFO 276 --- [restartedMain] .e.DevToolsPropertyDefaultsPostProcessor : Devtools property defaults active! Set 'spring.devtools.add-properties' to 'false' to disable
2023-06-16T09:58:30.412+07:00  INFO 276 --- [restartedMain] .e.DevToolsPropertyDefaultsPostProcessor : For additional web related logging consider setting the 'logging.level.web' property to 'DEBUG'
2023-06-16T09:58:30.999+07:00  INFO 276 --- [restartedMain] o.s.b.w.embedded.tomcat.TomcatWebServer  : Tomcat initialized with port(s): 8081 (http)
2023-06-16T09:58:31.004+07:00  INFO 276 --- [restartedMain] o.apache.catalina.core.StandardService   : Starting service [Tomcat]
2023-06-16T09:58:31.004+07:00  INFO 276 --- [restartedMain] o.apache.catalina.core.StandardEngine    : Starting Servlet engine: [Apache Tomcat/10.1.8]
2023-06-16T09:58:31.040+07:00  INFO 276 --- [restartedMain] o.a.c.c.C.[Tomcat].[localhost].[/]       : Initializing Spring embedded WebApplicationContext
2023-06-16T09:58:31.040+07:00  INFO 276 --- [restartedMain] w.s.c.ServletWebServerApplicationContext : Root WebApplicationContext: initialization completed in 628 ms
2023-06-16T09:58:31.318+07:00  INFO 276 --- [restartedMain] o.s.b.d.a.OptionalLiveReloadServer       : LiveReload server is running on port 35729
2023-06-16T09:58:31.336+07:00  INFO 276 --- [restartedMain] o.s.b.w.embedded.tomcat.TomcatWebServer  : Tomcat started on port(s): 8081 (http) with context path ''
2023-06-16T09:58:31.342+07:00  INFO 276 --- [restartedMain] c.example.untiled1.Untiled1Application   : Started Untiled1Application in 1.213 seconds (process running for 1.625)
2023-06-16T09:59:08.884+07:00  INFO 276 --- [http-nio-8081-exec-1] o.a.c.c.C.[Tomcat].[localhost].[/]       : Initializing Spring DispatcherServlet 'dispatcherServlet'
2023-06-16T09:59:08.884+07:00  INFO 276 --- [http-nio-8081-exec-1] o.s.web.servlet.DispatcherServlet        : Initializing Servlet 'dispatcherServlet'
2023-06-16T09:59:08.885+07:00  INFO 276 --- [http-nio-8081-exec-1] o.s.web.servlet.DispatcherServlet        : Completed initialization in 1 ms
2023-06-16T09:59:08.897+07:00  WARN 276 --- [http-nio-8081-exec-1] .w.s.m.s.DefaultHandlerExceptionResolver : Resolved [org.springframework.web.HttpMediaTypeNotSupportedException: Invalid mime type "application/x-www-form-urlencoded, application/json;charset=UTF-8": Invalid token character ',' in token "x-www-form-urlencoded, application/json"]
2023-06-16T09:59:13.924+07:00  WARN 276 --- [http-nio-8081-exec-3] .w.s.m.s.DefaultHandlerExceptionResolver : Resolved [org.springframework.web.HttpMediaTypeNotSupportedException: Invalid mime type "application/x-www-form-urlencoded, application/json;charset=UTF-8": Invalid token character ',' in token "x-www-form-urlencoded, application/json"]
2023-06-16T10:03:16.138+07:00  INFO 19984 --- [restartedMain] c.example.untiled1.Untiled1Application   : Starting Untiled1Application using Java 19.0.2 with PID 19984 (G:\hatt\demo\untiled1\target\classes started by hatt in G:\hatt\demo\untiled1)
2023-06-16T10:03:16.139+07:00  INFO 19984 --- [restartedMain] c.example.untiled1.Untiled1Application   : No active profile set, falling back to 1 default profile: "default"
2023-06-16T10:03:16.165+07:00  INFO 19984 --- [restartedMain] o.s.b.devtools.restart.ChangeableUrls    : The Class-Path manifest attribute in C:\Users\hatt\.m2\repository\com\oracle\database\jdbc\ojdbc8\21.7.0.0\ojdbc8-21.7.0.0.jar referenced one or more files that do not exist: file:/C:/Users/hatt/.m2/repository/com/oracle/database/jdbc/ojdbc8/21.7.0.0/oraclepki.jar
2023-06-16T10:03:16.165+07:00  INFO 19984 --- [restartedMain] .e.DevToolsPropertyDefaultsPostProcessor : Devtools property defaults active! Set 'spring.devtools.add-properties' to 'false' to disable
2023-06-16T10:03:16.166+07:00  INFO 19984 --- [restartedMain] .e.DevToolsPropertyDefaultsPostProcessor : For additional web related logging consider setting the 'logging.level.web' property to 'DEBUG'
2023-06-16T10:03:16.770+07:00  INFO 19984 --- [restartedMain] o.s.b.w.embedded.tomcat.TomcatWebServer  : Tomcat initialized with port(s): 8081 (http)
2023-06-16T10:03:16.775+07:00  INFO 19984 --- [restartedMain] o.apache.catalina.core.StandardService   : Starting service [Tomcat]
2023-06-16T10:03:16.775+07:00  INFO 19984 --- [restartedMain] o.apache.catalina.core.StandardEngine    : Starting Servlet engine: [Apache Tomcat/10.1.8]
2023-06-16T10:03:16.812+07:00  INFO 19984 --- [restartedMain] o.a.c.c.C.[Tomcat].[localhost].[/]       : Initializing Spring embedded WebApplicationContext
2023-06-16T10:03:16.812+07:00  INFO 19984 --- [restartedMain] w.s.c.ServletWebServerApplicationContext : Root WebApplicationContext: initialization completed in 646 ms
2023-06-16T10:03:17.096+07:00  INFO 19984 --- [restartedMain] o.s.b.d.a.OptionalLiveReloadServer       : LiveReload server is running on port 35729
2023-06-16T10:03:17.116+07:00  INFO 19984 --- [restartedMain] o.s.b.w.embedded.tomcat.TomcatWebServer  : Tomcat started on port(s): 8081 (http) with context path ''
2023-06-16T10:03:17.123+07:00  INFO 19984 --- [restartedMain] c.example.untiled1.Untiled1Application   : Started Untiled1Application in 1.235 seconds (process running for 1.659)
2023-06-16T10:03:25.717+07:00  INFO 19984 --- [http-nio-8081-exec-1] o.a.c.c.C.[Tomcat].[localhost].[/]       : Initializing Spring DispatcherServlet 'dispatcherServlet'
2023-06-16T10:03:25.718+07:00  INFO 19984 --- [http-nio-8081-exec-1] o.s.web.servlet.DispatcherServlet        : Initializing Servlet 'dispatcherServlet'
2023-06-16T10:03:25.718+07:00  INFO 19984 --- [http-nio-8081-exec-1] o.s.web.servlet.DispatcherServlet        : Completed initialization in 0 ms
2023-06-16T10:03:25.730+07:00  WARN 19984 --- [http-nio-8081-exec-1] .w.s.m.s.DefaultHandlerExceptionResolver : Resolved [org.springframework.web.HttpMediaTypeNotSupportedException: Invalid mime type "application/x-www-form-urlencoded, application/json;charset=UTF-8": Invalid token character ',' in token "x-www-form-urlencoded, application/json"]
2023-06-16T10:03:34.146+07:00  WARN 19984 --- [http-nio-8081-exec-2] .w.s.m.s.DefaultHandlerExceptionResolver : Resolved [org.springframework.web.HttpMediaTypeNotSupportedException: Invalid mime type "application/x-www-form-urlencoded, application/json;charset=UTF-8": Invalid token character ',' in token "x-www-form-urlencoded, application/json"]
2023-06-16T10:05:03.740+07:00  INFO 19984 --- [http-nio-8081-exec-4] com.zaxxer.hikari.HikariDataSource       : HikariPool-1 - Starting...
2023-06-16T10:05:03.877+07:00  INFO 19984 --- [http-nio-8081-exec-4] com.zaxxer.hikari.pool.HikariPool        : HikariPool-1 - Added connection oracle.jdbc.driver.T4CConnection@386b56f7
2023-06-16T10:05:03.879+07:00  INFO 19984 --- [http-nio-8081-exec-4] com.zaxxer.hikari.HikariDataSource       : HikariPool-1 - Start completed.
2023-06-16T10:05:16.956+07:00  WARN 19984 --- [http-nio-8081-exec-5] .w.s.m.s.DefaultHandlerExceptionResolver : Resolved [org.springframework.web.HttpMediaTypeNotSupportedException: Invalid mime type "application/x-www-form-urlencoded, application/json;charset=UTF-8": Invalid token character ',' in token "x-www-form-urlencoded, application/json"]
2023-06-16T10:05:18.853+07:00  WARN 19984 --- [http-nio-8081-exec-6] .w.s.m.s.DefaultHandlerExceptionResolver : Resolved [org.springframework.web.HttpMediaTypeNotSupportedException: Invalid mime type "application/x-www-form-urlencoded, application/json;charset=UTF-8": Invalid token character ',' in token "x-www-form-urlencoded, application/json"]
2023-06-16T10:05:19.963+07:00  WARN 19984 --- [http-nio-8081-exec-7] .w.s.m.s.DefaultHandlerExceptionResolver : Resolved [org.springframework.web.HttpMediaTypeNotSupportedException: Invalid mime type "application/x-www-form-urlencoded, application/json;charset=UTF-8": Invalid token character ',' in token "x-www-form-urlencoded, application/json"]
2023-06-16T10:05:27.986+07:00  WARN 19984 --- [http-nio-8081-exec-8] .w.s.m.s.DefaultHandlerExceptionResolver : Resolved [org.springframework.web.HttpMediaTypeNotSupportedException: Invalid mime type "application/x-www-form-urlencoded, application/json;charset=UTF-8": Invalid token character ',' in token "x-www-form-urlencoded, application/json"]
